SF:lib\main.dart
DA:35,0
DA:36,0
DA:39,3
DA:41,1
DA:42,1
DA:45,2
DA:51,2
DA:54,1
DA:56,1
DA:57,2
DA:58,1
DA:61,1
DA:63,1
DA:65,1
DA:72,2
DA:76,1
DA:77,1
DA:82,1
DA:83,1
DA:84,1
DA:85,3
DA:89,1
DA:91,1
DA:92,1
DA:93,3
DA:96,1
DA:97,1
DA:99,1
DA:100,1
LF:29
LH:27
end_of_record
SF:lib\ModifyDialog.dart
DA:11,0
DA:13,0
DA:14,0
DA:21,0
DA:23,0
DA:24,0
DA:25,0
DA:26,0
DA:27,0
DA:30,0
DA:32,0
DA:33,0
DA:34,0
DA:37,0
DA:38,0
DA:39,0
DA:40,0
DA:41,0
DA:44,0
DA:45,0
DA:46,0
DA:49,0
DA:53,0
DA:55,0
DA:56,0
DA:57,0
DA:59,0
DA:60,0
DA:61,0
DA:62,0
DA:66,0
DA:67,0
DA:68,0
DA:74,0
DA:75,0
DA:76,0
DA:77,0
DA:79,0
DA:80,0
DA:81,0
LF:40
LH:0
end_of_record
SF:lib\object_models.dart
DA:8,0
DA:21,0
DA:33,0
LF:3
LH:0
end_of_record
SF:lib\TripProvidertest.dart
DA:8,2
DA:10,0
DA:18,0
DA:26,0
DA:27,0
DA:30,0
DA:31,0
DA:32,0
DA:34,0
DA:35,0
DA:36,0
DA:39,0
DA:41,0
DA:42,0
DA:43,0
DA:44,0
DA:45,0
DA:46,0
DA:47,0
DA:49,0
DA:51,0
DA:55,0
LF:22
LH:1
end_of_record
SF:lib\form_buttons.dart
DA:6,1
DA:9,1
DA:11,1
DA:12,1
DA:17,1
DA:18,0
DA:19,0
DA:30,1
DA:34,1
DA:36,1
DA:37,1
DA:42,1
DA:43,0
DA:44,0
DA:47,0
DA:58,1
DA:61,1
DA:63,1
DA:64,1
DA:65,0
DA:66,0
DA:67,0
DA:71,2
DA:77,1
DA:80,1
DA:82,1
DA:83,1
DA:84,3
DA:85,0
DA:86,0
DA:91,2
DA:96,0
DA:97,0
DA:99,0
DA:100,0
DA:101,0
DA:105,0
DA:107,0
DA:110,0
DA:111,0
LF:40
LH:21
end_of_record
SF:lib\forms.dart
DA:8,2
DA:10,1
DA:11,1
DA:25,1
DA:27,1
DA:28,1
DA:29,1
DA:33,1
DA:34,1
DA:36,1
DA:37,1
DA:38,1
DA:41,1
DA:42,2
DA:43,1
DA:44,0
DA:45,0
DA:47,0
DA:48,0
DA:51,2
DA:53,1
DA:54,0
DA:55,0
DA:57,0
DA:58,0
DA:61,3
DA:63,2
DA:64,4
DA:65,1
DA:67,1
DA:69,1
DA:70,0
DA:71,0
DA:73,0
DA:74,0
DA:77,2
DA:79,1
DA:80,0
DA:81,0
DA:83,0
DA:84,0
DA:87,3
DA:89,2
DA:90,2
DA:91,1
DA:93,1
DA:94,1
DA:95,0
DA:96,0
DA:97,0
DA:98,0
DA:99,0
DA:100,0
DA:101,0
DA:102,0
DA:103,0
DA:105,0
DA:106,0
DA:107,0
DA:108,0
DA:110,0
DA:114,0
DA:115,0
DA:116,0
DA:117,0
DA:118,0
DA:119,0
DA:120,0
DA:121,0
DA:124,0
DA:126,1
DA:139,1
DA:143,1
DA:145,1
DA:148,1
DA:149,1
DA:151,1
DA:153,2
DA:154,2
DA:155,2
LF:80
LH:41
end_of_record
SF:lib\trip_list.dart
DA:13,1
DA:15,1
DA:16,1
DA:17,1
DA:18,1
DA:19,0
DA:20,0
DA:21,0
DA:22,0
DA:23,0
DA:24,0
DA:25,0
DA:26,0
DA:28,0
DA:29,0
DA:30,0
DA:31,0
DA:35,0
DA:36,0
DA:37,0
DA:39,0
DA:42,0
DA:43,0
DA:53,0
DA:54,0
DA:56,0
DA:57,0
DA:58,0
DA:59,0
DA:60,0
DA:61,0
DA:62,0
DA:63,0
DA:64,0
DA:66,0
DA:67,0
DA:68,0
DA:69,0
DA:70,0
DA:71,0
DA:72,0
DA:73,0
DA:74,0
DA:75,0
DA:76,0
DA:77,0
DA:81,0
DA:82,0
DA:83,0
DA:84,0
DA:86,0
DA:93,0
DA:94,0
DA:96,0
DA:97,0
LF:55
LH:5
end_of_record
